{"timestamp": "2025-05-23T17:03:13.988559", "level": "ERROR", "logger": "zeka.openrouter_client", "message": "OpenRouter API akış hatası: 'async for' requires an object with __aiter__ method, got Stream", "module": "openrouter_client", "function": "generate_stream", "line": 384, "exception": {"type": "TypeError", "message": "'async for' requires an object with __aiter__ method, got Stream", "traceback": "Traceback (most recent call last):\n  File \"C:\\Users\\tpoyr\\OneDrive\\Masaüstü\\z.e.k.a\\src\\core\\openrouter_client.py\", line 343, in generate_stream\n    async for chunk in stream:\n                       ^^^^^^\nTypeError: 'async for' requires an object with __aiter__ method, got Stream"}}
{"timestamp": "2025-05-23T17:03:14.020872", "level": "ERROR", "logger": "zeka.conversation_agent_streaming", "message": "Streaming sohbet hatası: [OPENROUTER_API_ERROR] Akış üretilemedi: 'async for' requires an object with __aiter__ method, got Stream", "module": "conversation_agent_streaming", "function": "_handle_chat_streaming", "line": 180, "exception": {"type": "OpenRouterAPIError", "message": "[OPENROUTER_API_ERROR] Akış üretilemedi: 'async for' requires an object with __aiter__ method, got Stream", "traceback": "Traceback (most recent call last):\n  File \"C:\\Users\\tpoyr\\OneDrive\\Masaüstü\\z.e.k.a\\src\\core\\openrouter_client.py\", line 343, in generate_stream\n    async for chunk in stream:\n                       ^^^^^^\nTypeError: 'async for' requires an object with __aiter__ method, got Stream\n\nDuring handling of the above exception, another exception occurred:\n\nTraceback (most recent call last):\n  File \"C:\\Users\\tpoyr\\OneDrive\\Masaüstü\\z.e.k.a\\src\\agents\\conversation_agent_streaming.py\", line 165, in _handle_chat_streaming\n    async for chunk in self.language_model.generate_stream(\n    ...<7 lines>...\n            yield chunk[\"content\"]\n  File \"C:\\Users\\tpoyr\\OneDrive\\Masaüstü\\z.e.k.a\\src\\core\\openrouter_client.py\", line 395, in generate_stream\n    raise OpenRouterAPIError(f\"Akış üretilemedi: {str(e)}\")\ncore.exceptions.OpenRouterAPIError: [OPENROUTER_API_ERROR] Akış üretilemedi: 'async for' requires an object with __aiter__ method, got Stream"}}
{"timestamp": "2025-05-23T19:25:56.265048", "level": "ERROR", "logger": "zeka.screen_perception", "message": "PyAutoGUI yüklü değil. 'pip install pyautogui' komutu ile yükleyin.", "module": "screen_perception", "function": "_check_dependencies", "line": 49}
{"timestamp": "2025-05-23T19:25:56.268031", "level": "ERROR", "logger": "zeka.screen_perception", "message": "PyTesseract yüklü değil. 'pip install pytesseract' komutu ile yükleyin.", "module": "screen_perception", "function": "_check_dependencies", "line": 72}
{"timestamp": "2025-05-23T19:25:56.270408", "level": "ERROR", "logger": "zeka.keyboard_control", "message": "PyAutoGUI yüklü değil. 'pip install pyautogui' komutu ile yükleyin.", "module": "keyboard_control", "function": "_check_dependencies", "line": 35}
{"timestamp": "2025-05-23T19:25:56.273273", "level": "ERROR", "logger": "zeka.app_control", "message": "PyAutoGUI yüklü değil. 'pip install pyautogui' komutu ile yükleyin.", "module": "app_control", "function": "_check_dependencies", "line": 35}
{"timestamp": "2025-05-23T19:25:56.275695", "level": "ERROR", "logger": "zeka.app_control", "message": "PyWinAuto yüklü değil. 'pip install pywinauto' komutu ile yükleyin.", "module": "app_control", "function": "_check_dependencies", "line": 45}
{"timestamp": "2025-05-23T19:34:54.400587", "level": "ERROR", "logger": "zeka.desktop_api", "message": "Pencereler listelenirken hata: 'ApplicationControl' object has no attribute 'get_active_window'", "module": "desktop", "function": "list_windows", "line": 253}
{"timestamp": "2025-05-23T19:35:44.606720", "level": "ERROR", "logger": "zeka.openrouter_client", "message": "OpenRouter API akış hatası: 'async for' requires an object with __aiter__ method, got Stream", "module": "openrouter_client", "function": "generate_stream", "line": 388, "exception": {"type": "TypeError", "message": "'async for' requires an object with __aiter__ method, got Stream", "traceback": "Traceback (most recent call last):\n  File \"C:\\Users\\tpoyr\\OneDrive\\Masaüstü\\z.e.k.a\\src\\core\\openrouter_client.py\", line 347, in generate_stream\n    async for chunk in stream:\n                       ^^^^^^\nTypeError: 'async for' requires an object with __aiter__ method, got Stream"}}
{"timestamp": "2025-05-23T19:35:44.610604", "level": "ERROR", "logger": "zeka.conversation_agent_streaming", "message": "Streaming sohbet hatası: [OPENROUTER_API_ERROR] Akış üretilemedi: 'async for' requires an object with __aiter__ method, got Stream", "module": "conversation_agent_streaming", "function": "_handle_chat_streaming", "line": 180, "exception": {"type": "OpenRouterAPIError", "message": "[OPENROUTER_API_ERROR] Akış üretilemedi: 'async for' requires an object with __aiter__ method, got Stream", "traceback": "Traceback (most recent call last):\n  File \"C:\\Users\\tpoyr\\OneDrive\\Masaüstü\\z.e.k.a\\src\\core\\openrouter_client.py\", line 347, in generate_stream\n    async for chunk in stream:\n                       ^^^^^^\nTypeError: 'async for' requires an object with __aiter__ method, got Stream\n\nDuring handling of the above exception, another exception occurred:\n\nTraceback (most recent call last):\n  File \"C:\\Users\\tpoyr\\OneDrive\\Masaüstü\\z.e.k.a\\src\\agents\\conversation_agent_streaming.py\", line 165, in _handle_chat_streaming\n    async for chunk in self.language_model.generate_stream(\n    ...<7 lines>...\n            yield chunk[\"content\"]\n  File \"C:\\Users\\tpoyr\\OneDrive\\Masaüstü\\z.e.k.a\\src\\core\\openrouter_client.py\", line 399, in generate_stream\n    raise OpenRouterAPIError(f\"Akış üretilemedi: {str(e)}\")\ncore.exceptions.OpenRouterAPIError: [OPENROUTER_API_ERROR] Akış üretilemedi: 'async for' requires an object with __aiter__ method, got Stream"}}
{"timestamp": "2025-05-23T19:43:32.292292", "level": "ERROR", "logger": "zeka.desktop_api", "message": "Pencereler listelenirken hata: 'ApplicationControl' object has no attribute 'get_active_window'", "module": "desktop", "function": "list_windows", "line": 253}
{"timestamp": "2025-05-23T20:01:13.862934", "level": "ERROR", "logger": "zeka.openrouter_client", "message": "OpenRouter API akış hatası: 'async for' requires an object with __aiter__ method, got Stream", "module": "openrouter_client", "function": "generate_stream", "line": 388, "exception": {"type": "TypeError", "message": "'async for' requires an object with __aiter__ method, got Stream", "traceback": "Traceback (most recent call last):\n  File \"C:\\Users\\tpoyr\\OneDrive\\Masaüstü\\z.e.k.a\\src\\core\\openrouter_client.py\", line 347, in generate_stream\n    async for chunk in stream:\n                       ^^^^^^\nTypeError: 'async for' requires an object with __aiter__ method, got Stream"}}
{"timestamp": "2025-05-23T20:01:13.866582", "level": "ERROR", "logger": "zeka.conversation_agent_streaming", "message": "Streaming sohbet hatası: [OPENROUTER_API_ERROR] Akış üretilemedi: 'async for' requires an object with __aiter__ method, got Stream", "module": "conversation_agent_streaming", "function": "_handle_chat_streaming", "line": 180, "exception": {"type": "OpenRouterAPIError", "message": "[OPENROUTER_API_ERROR] Akış üretilemedi: 'async for' requires an object with __aiter__ method, got Stream", "traceback": "Traceback (most recent call last):\n  File \"C:\\Users\\tpoyr\\OneDrive\\Masaüstü\\z.e.k.a\\src\\core\\openrouter_client.py\", line 347, in generate_stream\n    async for chunk in stream:\n                       ^^^^^^\nTypeError: 'async for' requires an object with __aiter__ method, got Stream\n\nDuring handling of the above exception, another exception occurred:\n\nTraceback (most recent call last):\n  File \"C:\\Users\\tpoyr\\OneDrive\\Masaüstü\\z.e.k.a\\src\\agents\\conversation_agent_streaming.py\", line 165, in _handle_chat_streaming\n    async for chunk in self.language_model.generate_stream(\n    ...<7 lines>...\n            yield chunk[\"content\"]\n  File \"C:\\Users\\tpoyr\\OneDrive\\Masaüstü\\z.e.k.a\\src\\core\\openrouter_client.py\", line 399, in generate_stream\n    raise OpenRouterAPIError(f\"Akış üretilemedi: {str(e)}\")\ncore.exceptions.OpenRouterAPIError: [OPENROUTER_API_ERROR] Akış üretilemedi: 'async for' requires an object with __aiter__ method, got Stream"}}
{"timestamp": "2025-05-23T20:18:10.646242", "level": "ERROR", "logger": "zeka.openrouter_client", "message": "OpenRouter API akış hatası: 'async for' requires an object with __aiter__ method, got Stream", "module": "openrouter_client", "function": "generate_stream", "line": 398, "exception": {"type": "TypeError", "message": "'async for' requires an object with __aiter__ method, got Stream", "traceback": "Traceback (most recent call last):\n  File \"C:\\Users\\tpoyr\\OneDrive\\Masaüstü\\z.e.k.a\\src\\core\\openrouter_client.py\", line 357, in generate_stream\n    async for chunk in stream:\n                       ^^^^^^\nTypeError: 'async for' requires an object with __aiter__ method, got Stream"}}
{"timestamp": "2025-05-23T20:18:10.650392", "level": "ERROR", "logger": "zeka.conversation_agent_streaming", "message": "Streaming sohbet hatası: [OPENROUTER_API_ERROR] Akış üretilemedi: 'async for' requires an object with __aiter__ method, got Stream", "module": "conversation_agent_streaming", "function": "_handle_chat_streaming", "line": 180, "exception": {"type": "OpenRouterAPIError", "message": "[OPENROUTER_API_ERROR] Akış üretilemedi: 'async for' requires an object with __aiter__ method, got Stream", "traceback": "Traceback (most recent call last):\n  File \"C:\\Users\\tpoyr\\OneDrive\\Masaüstü\\z.e.k.a\\src\\core\\openrouter_client.py\", line 357, in generate_stream\n    async for chunk in stream:\n                       ^^^^^^\nTypeError: 'async for' requires an object with __aiter__ method, got Stream\n\nDuring handling of the above exception, another exception occurred:\n\nTraceback (most recent call last):\n  File \"C:\\Users\\tpoyr\\OneDrive\\Masaüstü\\z.e.k.a\\src\\agents\\conversation_agent_streaming.py\", line 165, in _handle_chat_streaming\n    async for chunk in self.language_model.generate_stream(\n    ...<7 lines>...\n            yield chunk[\"content\"]\n  File \"C:\\Users\\tpoyr\\OneDrive\\Masaüstü\\z.e.k.a\\src\\core\\openrouter_client.py\", line 409, in generate_stream\n    raise OpenRouterAPIError(f\"Akış üretilemedi: {str(e)}\")\ncore.exceptions.OpenRouterAPIError: [OPENROUTER_API_ERROR] Akış üretilemedi: 'async for' requires an object with __aiter__ method, got Stream"}}
{"timestamp": "2025-05-23T20:18:24.019329", "level": "ERROR", "logger": "zeka.openrouter_client", "message": "OpenRouter API akış hatası: 'async for' requires an object with __aiter__ method, got Stream", "module": "openrouter_client", "function": "generate_stream", "line": 398, "exception": {"type": "TypeError", "message": "'async for' requires an object with __aiter__ method, got Stream", "traceback": "Traceback (most recent call last):\n  File \"C:\\Users\\tpoyr\\OneDrive\\Masaüstü\\z.e.k.a\\src\\core\\openrouter_client.py\", line 357, in generate_stream\n    async for chunk in stream:\n                       ^^^^^^\nTypeError: 'async for' requires an object with __aiter__ method, got Stream"}}
{"timestamp": "2025-05-23T20:18:24.022984", "level": "ERROR", "logger": "zeka.conversation_agent_streaming", "message": "Streaming sohbet hatası: [OPENROUTER_API_ERROR] Akış üretilemedi: 'async for' requires an object with __aiter__ method, got Stream", "module": "conversation_agent_streaming", "function": "_handle_chat_streaming", "line": 180, "exception": {"type": "OpenRouterAPIError", "message": "[OPENROUTER_API_ERROR] Akış üretilemedi: 'async for' requires an object with __aiter__ method, got Stream", "traceback": "Traceback (most recent call last):\n  File \"C:\\Users\\tpoyr\\OneDrive\\Masaüstü\\z.e.k.a\\src\\core\\openrouter_client.py\", line 357, in generate_stream\n    async for chunk in stream:\n                       ^^^^^^\nTypeError: 'async for' requires an object with __aiter__ method, got Stream\n\nDuring handling of the above exception, another exception occurred:\n\nTraceback (most recent call last):\n  File \"C:\\Users\\tpoyr\\OneDrive\\Masaüstü\\z.e.k.a\\src\\agents\\conversation_agent_streaming.py\", line 165, in _handle_chat_streaming\n    async for chunk in self.language_model.generate_stream(\n    ...<7 lines>...\n            yield chunk[\"content\"]\n  File \"C:\\Users\\tpoyr\\OneDrive\\Masaüstü\\z.e.k.a\\src\\core\\openrouter_client.py\", line 409, in generate_stream\n    raise OpenRouterAPIError(f\"Akış üretilemedi: {str(e)}\")\ncore.exceptions.OpenRouterAPIError: [OPENROUTER_API_ERROR] Akış üretilemedi: 'async for' requires an object with __aiter__ method, got Stream"}}
{"timestamp": "2025-05-23T20:21:29.316212", "level": "ERROR", "logger": "zeka.openrouter_client", "message": "OpenRouter API akış hatası: 'async for' requires an object with __aiter__ method, got Stream", "module": "openrouter_client", "function": "generate_stream", "line": 398, "exception": {"type": "TypeError", "message": "'async for' requires an object with __aiter__ method, got Stream", "traceback": "Traceback (most recent call last):\n  File \"C:\\Users\\tpoyr\\OneDrive\\Masaüstü\\z.e.k.a\\src\\core\\openrouter_client.py\", line 357, in generate_stream\n    async for chunk in stream:\n                       ^^^^^^\nTypeError: 'async for' requires an object with __aiter__ method, got Stream"}}
{"timestamp": "2025-05-23T20:21:29.319402", "level": "ERROR", "logger": "zeka.conversation_agent_streaming", "message": "Streaming sohbet hatası: [OPENROUTER_API_ERROR] Akış üretilemedi: 'async for' requires an object with __aiter__ method, got Stream", "module": "conversation_agent_streaming", "function": "_handle_chat_streaming", "line": 180, "exception": {"type": "OpenRouterAPIError", "message": "[OPENROUTER_API_ERROR] Akış üretilemedi: 'async for' requires an object with __aiter__ method, got Stream", "traceback": "Traceback (most recent call last):\n  File \"C:\\Users\\tpoyr\\OneDrive\\Masaüstü\\z.e.k.a\\src\\core\\openrouter_client.py\", line 357, in generate_stream\n    async for chunk in stream:\n                       ^^^^^^\nTypeError: 'async for' requires an object with __aiter__ method, got Stream\n\nDuring handling of the above exception, another exception occurred:\n\nTraceback (most recent call last):\n  File \"C:\\Users\\tpoyr\\OneDrive\\Masaüstü\\z.e.k.a\\src\\agents\\conversation_agent_streaming.py\", line 165, in _handle_chat_streaming\n    async for chunk in self.language_model.generate_stream(\n    ...<7 lines>...\n            yield chunk[\"content\"]\n  File \"C:\\Users\\tpoyr\\OneDrive\\Masaüstü\\z.e.k.a\\src\\core\\openrouter_client.py\", line 409, in generate_stream\n    raise OpenRouterAPIError(f\"Akış üretilemedi: {str(e)}\")\ncore.exceptions.OpenRouterAPIError: [OPENROUTER_API_ERROR] Akış üretilemedi: 'async for' requires an object with __aiter__ method, got Stream"}}
